1715410393957:add
1715412646197:delete
1715417932801:add
1715491229864:quit
1715544546940:add
1715544560987:delete
1715544997956:list
1715545606872:add
1715545615876:quit
1715545641606:list
1715583910050:LIST
1715583915404:list
1715583954426:quit
1715585328401:list
1715585381420:quit
1715585418014:list
1715585646344:ad
1715585699368:add
1715585749697:quit
1715591380137:list
1715594251550:quit
1715594844746:list
1715595087432:quit
1715596277392:list
1715596309447:add -f Robert -l Smitn -a 21
1715596344465:add --f Robert --l Smith --a 21
1715596353460:list
1715596368468:delete --id 3
1715596373469:list
1715596519311:quit
1715596559500:list
1715596594517:add --f obert --l Smith -- a 21
1715596624527:add --f Robert --l Smith --a 21
1715596632538:list
1715596663609:delete --id 0
1715596673611:list
1715596677614:quit
1715596750991:list
1715596778004:add -fRobert --l Smith --a 20
1715596809019:add --f Robert --l Smith --a 20
1715596836031:add --f Alex --l Bob --age 19
1715596855051:add --f Alex --l Bob --a 19
1715596876062:add --f Git --l Johns --a 20
1715596879058:list
1715596894065:delete --id 1
1715596900067:list
1715596917075:add --fBob --l Dylan --a 20
1715596936086:add --f Bob --l Dylan --a 20
1715596940085:list
1715596948089:clear
1715596952090:list
1715596957093:quit
1715597075918:list
1715597080916:clear
1715597083919:list
1715597092922:clear
1715597168517:list
1715597174516:clean
1715597178518:list
1715597218542:add --f Bob --l Dylan --a 19
1715597222536:list
1715597227539:clean
1715597230540:list
1715597233542:quit
